<?xml version="1.0" encoding="UTF-8"?>
<!-- Generated by org.testng.reporters.JUnitReportReporter -->
<testsuite hostname="SILTP-2126" failures="0" tests="1" name="LoginTest" time="6.199" errors="0" timestamp="2023-03-02T17:19:11 IST" skipped="0">
  <testcase classname="LoginTest" name="loginTest" time="6.199"/>
  <system-out/>
</testsuite> <!-- LoginTest -->
