<?xml version="1.0" encoding="UTF-8"?>
<!-- Generated by org.testng.reporters.JUnitReportReporter -->
<testsuite hostname="SILTP-2126" failures="0" tests="1" name="com.saama.test.LoginUITest" time="6.276" errors="0" timestamp="2023-03-02T17:39:14 IST" skipped="0">
  <testcase classname="com.saama.test.LoginUITest" name="headerTest" time="6.276"/>
  <system-out/>
</testsuite> <!-- com.saama.test.LoginUITest -->
