<?xml version="1.0" encoding="UTF-8"?>
<!-- Generated by org.testng.reporters.JUnitReportReporter -->
<testsuite hostname="SILTP-2126" failures="0" tests="1" name="com.saama.test.LoginTest" time="8.393" errors="0" timestamp="2023-03-02T18:01:51 IST" skipped="0">
  <testcase classname="com.saama.test.LoginTest" name="loginTest" time="8.393"/>
  <system-out/>
</testsuite> <!-- com.saama.test.LoginTest -->
