<?xml version="1.0" encoding="UTF-8"?>
<!-- Generated by org.testng.reporters.JUnitReportReporter -->
<testsuite hostname="SILTP-2126" failures="0" tests="2" name="LoginUITest" time="11.323" errors="0" timestamp="2023-03-02T15:51:40 IST" skipped="0">
  <testcase classname="LoginUITest" name="validateTitleTest" time="4.821"/>
  <system-out/>
  <testcase classname="LoginUITest" name="validateHeaderTest" time="6.502"/>
  <system-out/>
</testsuite> <!-- LoginUITest -->
